2024-10-31 19:41:59,791 - INFO - Начинаю обновление продуктовых данных.
2024-10-31 19:42:00,019 - ERROR - HTTP ошибка при получении медиа: 400 Client Error: Bad Request for url: https://graph.facebook.com/v21.0/401216546416228/media?fields=id%2Ccaption%2Cmedia_type%2Cmedia_url%2Cpermalink%2Ctimestamp%2Cchildren%7Bmedia_type%2Cmedia_url%7D&access_token=EAAeJBTBJZCZA8BO8drKdfZAqZCkJEV5U04B4ERjY0QuZAOSNIWQZAe5E7lH5ZBKTRPXBKNmgaqg3ijHbCGR1QdZCOgWeM9WIGyjHbt7xRtQA4rfEUFW3sLtf0KUxcsYsY6mRjQZAZBI88SI8ENCgKvpUU7bNlzKWuTPf67nw16GQZBO6qF20CjdrpGbdVmBo3DPTRBWtpFtwbQOsY24lENMD8FbWmavw1ZCZAKwPpGVAWiJuZAgwZDZD&limit=100
2024-10-31 19:57:25,600 - INFO - Начинаю обновление продуктовых данных.
2024-10-31 19:57:26,553 - INFO - Получено 40 медиа-постов.
2024-10-31 19:57:26,553 - INFO - Файл products.json не найден. Инициализирую пустую структуру.
2024-10-31 20:58:57,187 - INFO - Начинаю обновление продуктовых данных.
2024-10-31 20:58:59,132 - INFO - Получено 40 медиа-постов.
2024-10-31 20:58:59,133 - INFO - Файл products.json не найден. Инициализирую пустую структуру.
2024-11-06 07:29:01,296 - INFO - Начинаю обновление продуктовых данных.
2024-11-06 07:29:01,492 - ERROR - HTTP ошибка при получении медиа: 400 Client Error: Bad Request for url: https://graph.facebook.com/v21.0/17841467101471112/media?fields=id%2Ccaption%2Cmedia_type%2Cmedia_url%2Cpermalink%2Ctimestamp%2Cchildren%7Bmedia_type%2Cmedia_url%7D&access_token=EAAeJBTBJZCZA8BO8drKdfZAqZCkJEV5U04B4ERjY0QuZAOSNIWQZAe5E7lH5ZBKTRPXBKNmgaqg3ijHbCGR1QdZCOgWeM9WIGyjHbt7xRtQA4rfEUFW3sLtf0KUxcsYsY6mRjQZAZBI88SI8ENCgKvpUU7bNlzKWuTPf67nw16GQZBO6qF20CjdrpGbdVmBo3DPTRBWtpFtwbQOsY24lENMD8FbWmavw1ZCZAKwPpGVAWiJuZAgwZDZD&limit=100
2024-11-06 07:31:14,747 - INFO - Начинаю обновление продуктовых данных.
2024-11-06 07:31:15,641 - INFO - Получено 40 медиа-постов.
2024-11-06 07:31:15,641 - INFO - Загружено 1 футболок и 0 худі из products.json.
2024-11-16 02:22:11,323 - INFO - Начинаю обновление продуктовых данных.
2024-11-16 02:22:11,420 - ERROR - HTTP ошибка при получении медиа: 400 Client Error: Bad Request for url: https://graph.facebook.com/v21.0/17841467101471112/media?fields=id%2Ccaption%2Cmedia_type%2Cmedia_url%2Cpermalink%2Ctimestamp%2Cchildren%7Bmedia_type%2Cmedia_url%7D&access_token=EAAeJBTBJZCZA8BOyTxv406d2HSVRmkZBQeeadB1hX9AdmK2s5DfKsSVpwZBe3drAmW8q1Y247L3KDdM27zBUYW5T1jM5Cx79gbYoIwql2OcMNebZCOqCmMfd8jZA1mNudJaJM4D3RZCEj4sfpsNFi3FEnBaSZBdwFtxH2TUw0OGZAA5rvSORoOdSXIuwWzMkltiQdgvD0u8gSXqZBZCWV8FBc6px5HNPY8dbpMtFQZDZD&limit=100
2024-11-16 02:23:36,232 - INFO - Начинаю обновление продуктовых данных.
2024-11-16 02:23:37,094 - INFO - Получено 40 медиа-постов.
2024-11-16 02:23:37,095 - INFO - Файл products.json не найден. Инициализирую пустую структуру.
2025-02-22 15:24:03,061 - INFO - Начинаю обновление продуктовых данных.
2025-02-22 15:24:04,066 - INFO - Получено 40 медиа-постов.
2025-02-22 15:24:04,067 - INFO - Файл products.json не найден. Инициализирую пустую структуру.
